# JRE version: OpenJDK Runtime Environment (21.0.5) (build 21.0.5+-12932927-b750.29)
# Java VM: OpenJDK 64-Bit Server VM (21.0.5+-12932927-b750.29, mixed mode, tiered, compressed oops, compressed class ptrs, g1 gc, windows-amd64)
GC Precious Log:
 CardTable entry size: 512
 Card Set container configuration: InlinePtr #cards 5 size 8 Array Of Cards #cards 12 size 40 Howl #buckets 4 coarsen threshold 1843 Howl Bitmap #cards 512 size 80 coarsen threshold 460 Card regions per heap region 1 cards per card region 2048
 CPUs: 2 total, 2 available
 Memory: 7641M
 Large Page Support: Disabled
 NUMA Support: Disabled
 Compressed Oops: Enabled (32-bit)
 Heap Region Size: 1M
 Heap Min Capacity: 8M
 Heap Initial Capacity: 120M
 Heap Max Capacity: 2G
 Pre-touch: Disabled
 Parallel Workers: 2
 Concurrent Workers: 1
 Concurrent Refinement Workers: 2
 Periodic GC: Disabled
Heap:
 garbage-first heap   total 145408K, used 126976K [0x0000000080000000, 0x0000000100000000)
  region size 1024K, 42 young (43008K), 6 survivors (6144K)
 Metaspace       used 110709K, committed 112832K, reserved 1179648K
  class space    used 14837K, committed 15872K, reserved 1048576K
GC Heap History (20 events):
Event: 36.715 GC heap before
{Heap before GC invocations=23 (full 0):
 garbage-first heap   total 113664K, used 98634K [0x0000000080000000, 0x0000000100000000)
  region size 1024K, 40 young (40960K), 6 survivors (6144K)
 Metaspace       used 77523K, committed 79232K, reserved 1179648K
  class space    used 10325K, committed 11136K, reserved 1048576K
}
Event: 36.728 GC heap after
{Heap after GC invocations=24 (full 0):
 garbage-first heap   total 113664K, used 65402K [0x0000000080000000, 0x0000000100000000)
  region size 1024K, 2 young (2048K), 2 survivors (2048K)
 Metaspace       used 77523K, committed 79232K, reserved 1179648K
  class space    used 10325K, committed 11136K, reserved 1048576K
}
Event: 37.874 GC heap before
{Heap before GC invocations=24 (full 0):
 garbage-first heap   total 113664K, used 103290K [0x0000000080000000, 0x0000000100000000)
  region size 1024K, 39 young (39936K), 2 survivors (2048K)
 Metaspace       used 81774K, committed 83584K, reserved 1179648K
  class space    used 10875K, committed 11776K, reserved 1048576K
}
Event: 37.886 GC heap after
{Heap after GC invocations=25 (full 0):
 garbage-first heap   total 137216K, used 66378K [0x0000000080000000, 0x0000000100000000)
  region size 1024K, 3 young (3072K), 3 survivors (3072K)
 Metaspace       used 81774K, committed 83584K, reserved 1179648K
  class space    used 10875K, committed 11776K, reserved 1048576K
}
Event: 39.834 GC heap before
{Heap before GC invocations=26 (full 0):
 garbage-first heap   total 137216K, used 124746K [0x0000000080000000, 0x0000000100000000)
  region size 1024K, 55 young (56320K), 3 survivors (3072K)
 Metaspace       used 85770K, committed 87552K, reserved 1179648K
  class space    used 11367K, committed 12224K, reserved 1048576K
}
Event: 39.852 GC heap after
{Heap after GC invocations=27 (full 0):
 garbage-first heap   total 137216K, used 72798K [0x0000000080000000, 0x0000000100000000)
  region size 1024K, 7 young (7168K), 7 survivors (7168K)
 Metaspace       used 85770K, committed 87552K, reserved 1179648K
  class space    used 11367K, committed 12224K, reserved 1048576K
}
Event: 41.914 GC heap before
{Heap before GC invocations=27 (full 0):
 garbage-first heap   total 137216K, used 120926K [0x0000000080000000, 0x0000000100000000)
  region size 1024K, 54 young (55296K), 7 survivors (7168K)
 Metaspace       used 87895K, committed 89728K, reserved 1179648K
  class space    used 11643K, committed 12544K, reserved 1048576K
}
Event: 41.941 GC heap after
{Heap after GC invocations=28 (full 0):
 garbage-first heap   total 137216K, used 76032K [0x0000000080000000, 0x0000000100000000)
  region size 1024K, 4 young (4096K), 4 survivors (4096K)
 Metaspace       used 87895K, committed 89728K, reserved 1179648K
  class space    used 11643K, committed 12544K, reserved 1048576K
}
Event: 43.155 GC heap before
{Heap before GC invocations=28 (full 0):
 garbage-first heap   total 137216K, used 123136K [0x0000000080000000, 0x0000000100000000)
  region size 1024K, 50 young (51200K), 4 survivors (4096K)
 Metaspace       used 90632K, committed 92544K, reserved 1179648K
  class space    used 12016K, committed 12928K, reserved 1048576K
}
Event: 43.172 GC heap after
{Heap after GC invocations=29 (full 0):
 garbage-first heap   total 137216K, used 77935K [0x0000000080000000, 0x0000000100000000)
  region size 1024K, 6 young (6144K), 6 survivors (6144K)
 Metaspace       used 90632K, committed 92544K, reserved 1179648K
  class space    used 12016K, committed 12928K, reserved 1048576K
}
Event: 45.573 GC heap before
{Heap before GC invocations=30 (full 0):
 garbage-first heap   total 137216K, used 122991K [0x0000000080000000, 0x0000000100000000)
  region size 1024K, 49 young (50176K), 6 survivors (6144K)
 Metaspace       used 94035K, committed 95936K, reserved 1179648K
  class space    used 12569K, committed 13504K, reserved 1048576K
}
Event: 45.594 GC heap after
{Heap after GC invocations=31 (full 0):
 garbage-first heap   total 137216K, used 79784K [0x0000000080000000, 0x0000000100000000)
  region size 1024K, 4 young (4096K), 4 survivors (4096K)
 Metaspace       used 94035K, committed 95936K, reserved 1179648K
  class space    used 12569K, committed 13504K, reserved 1048576K
}
Event: 50.963 GC heap before
{Heap before GC invocations=31 (full 0):
 garbage-first heap   total 137216K, used 124840K [0x0000000080000000, 0x0000000100000000)
  region size 1024K, 48 young (49152K), 4 survivors (4096K)
 Metaspace       used 97770K, committed 99712K, reserved 1179648K
  class space    used 13145K, committed 14080K, reserved 1048576K
}
Event: 50.985 GC heap after
{Heap after GC invocations=32 (full 0):
 garbage-first heap   total 137216K, used 82178K [0x0000000080000000, 0x0000000100000000)
  region size 1024K, 4 young (4096K), 4 survivors (4096K)
 Metaspace       used 97770K, committed 99712K, reserved 1179648K
  class space    used 13145K, committed 14080K, reserved 1048576K
}
Event: 53.922 GC heap before
{Heap before GC invocations=32 (full 0):
 garbage-first heap   total 137216K, used 124162K [0x0000000080000000, 0x0000000100000000)
  region size 1024K, 45 young (46080K), 4 survivors (4096K)
 Metaspace       used 101101K, committed 103104K, reserved 1179648K
  class space    used 13651K, committed 14592K, reserved 1048576K
}
Event: 53.945 GC heap after
{Heap after GC invocations=33 (full 0):
 garbage-first heap   total 137216K, used 84576K [0x0000000080000000, 0x0000000100000000)
  region size 1024K, 5 young (5120K), 5 survivors (5120K)
 Metaspace       used 101101K, committed 103104K, reserved 1179648K
  class space    used 13651K, committed 14592K, reserved 1048576K
}
Event: 56.237 GC heap before
{Heap before GC invocations=34 (full 0):
 garbage-first heap   total 142336K, used 123488K [0x0000000080000000, 0x0000000100000000)
  region size 1024K, 43 young (44032K), 5 survivors (5120K)
 Metaspace       used 104771K, committed 106816K, reserved 1179648K
  class space    used 14192K, committed 15168K, reserved 1048576K
}
Event: 56.258 GC heap after
{Heap after GC invocations=35 (full 0):
 garbage-first heap   total 142336K, used 86197K [0x0000000080000000, 0x0000000100000000)
  region size 1024K, 4 young (4096K), 4 survivors (4096K)
 Metaspace       used 104771K, committed 106816K, reserved 1179648K
  class space    used 14192K, committed 15168K, reserved 1048576K
}
Event: 58.343 GC heap before
{Heap before GC invocations=35 (full 0):
 garbage-first heap   total 142336K, used 133301K [0x0000000080000000, 0x0000000100000000)
  region size 1024K, 46 young (47104K), 4 survivors (4096K)
 Metaspace       used 107530K, committed 109696K, reserved 1179648K
  class space    used 14465K, committed 15488K, reserved 1048576K
}
Event: 58.379 GC heap after
{Heap after GC invocations=36 (full 0):
 garbage-first heap   total 145408K, used 92160K [0x0000000080000000, 0x0000000100000000)
  region size 1024K, 6 young (6144K), 6 survivors (6144K)
 Metaspace       used 107530K, committed 109696K, reserved 1179648K
  class space    used 14465K, committed 15488K, reserved 1048576K
}

