# JRE version: OpenJDK Runtime Environment (21.0.5) (build 21.0.5+-12932927-b750.29)
# Java VM: OpenJDK 64-Bit Server VM (21.0.5+-12932927-b750.29, mixed mode, tiered, compressed oops, compressed class ptrs, g1 gc, windows-amd64)
GC Precious Log:
 CardTable entry size: 512
 Card Set container configuration: InlinePtr #cards 5 size 8 Array Of Cards #cards 12 size 40 Howl #buckets 4 coarsen threshold 1843 Howl Bitmap #cards 512 size 80 coarsen threshold 460 Card regions per heap region 1 cards per card region 2048
 CPUs: 2 total, 2 available
 Memory: 7641M
 Large Page Support: Disabled
 NUMA Support: Disabled
 Compressed Oops: Enabled (32-bit)
 Heap Region Size: 1M
 Heap Min Capacity: 8M
 Heap Initial Capacity: 120M
 Heap Max Capacity: 2G
 Pre-touch: Disabled
 Parallel Workers: 2
 Concurrent Workers: 1
 Concurrent Refinement Workers: 2
 Periodic GC: Disabled
Heap:
 garbage-first heap   total 176128K, used 128000K [0x0000000080000000, 0x0000000100000000)
  region size 1024K, 5 young (5120K), 5 survivors (5120K)
 Metaspace       used 107557K, committed 109632K, reserved 1179648K
  class space    used 14295K, committed 15296K, reserved 1048576K
GC Heap History (20 events):
Event: 50.270 GC heap after
{Heap after GC invocations=35 (full 0):
 garbage-first heap   total 125952K, used 75418K [0x0000000080000000, 0x0000000100000000)
  region size 1024K, 2 young (2048K), 2 survivors (2048K)
 Metaspace       used 84277K, committed 86144K, reserved 1179648K
  class space    used 11140K, committed 12032K, reserved 1048576K
}
Event: 51.364 GC heap before
{Heap before GC invocations=35 (full 0):
 garbage-first heap   total 125952K, used 111258K [0x0000000080000000, 0x0000000100000000)
  region size 1024K, 37 young (37888K), 2 survivors (2048K)
 Metaspace       used 87068K, committed 88896K, reserved 1179648K
  class space    used 11588K, committed 12480K, reserved 1048576K
}
Event: 51.377 GC heap after
{Heap after GC invocations=36 (full 0):
 garbage-first heap   total 125952K, used 76154K [0x0000000080000000, 0x0000000100000000)
  region size 1024K, 3 young (3072K), 3 survivors (3072K)
 Metaspace       used 87068K, committed 88896K, reserved 1179648K
  class space    used 11588K, committed 12480K, reserved 1048576K
}
Event: 52.707 GC heap before
{Heap before GC invocations=36 (full 0):
 garbage-first heap   total 125952K, used 113018K [0x0000000080000000, 0x0000000100000000)
  region size 1024K, 39 young (39936K), 3 survivors (3072K)
 Metaspace       used 90262K, committed 92160K, reserved 1179648K
  class space    used 12088K, committed 12992K, reserved 1048576K
}
Event: 52.722 GC heap after
{Heap after GC invocations=37 (full 0):
 garbage-first heap   total 125952K, used 77609K [0x0000000080000000, 0x0000000100000000)
  region size 1024K, 4 young (4096K), 4 survivors (4096K)
 Metaspace       used 90262K, committed 92160K, reserved 1179648K
  class space    used 12088K, committed 12992K, reserved 1048576K
}
Event: 54.611 GC heap before
{Heap before GC invocations=38 (full 0):
 garbage-first heap   total 130048K, used 114473K [0x0000000080000000, 0x0000000100000000)
  region size 1024K, 40 young (40960K), 4 survivors (4096K)
 Metaspace       used 92941K, committed 94912K, reserved 1179648K
  class space    used 12532K, committed 13504K, reserved 1048576K
}
Event: 54.638 GC heap after
{Heap after GC invocations=39 (full 0):
 garbage-first heap   total 130048K, used 79768K [0x0000000080000000, 0x0000000100000000)
  region size 1024K, 4 young (4096K), 4 survivors (4096K)
 Metaspace       used 92941K, committed 94912K, reserved 1179648K
  class space    used 12532K, committed 13504K, reserved 1048576K
}
Event: 56.037 GC heap before
{Heap before GC invocations=39 (full 0):
 garbage-first heap   total 130048K, used 118680K [0x0000000080000000, 0x0000000100000000)
  region size 1024K, 42 young (43008K), 4 survivors (4096K)
 Metaspace       used 96025K, committed 98112K, reserved 1179648K
  class space    used 13012K, committed 14080K, reserved 1048576K
}
Event: 56.059 GC heap after
{Heap after GC invocations=40 (full 0):
 garbage-first heap   total 156672K, used 81380K [0x0000000080000000, 0x0000000100000000)
  region size 1024K, 4 young (4096K), 4 survivors (4096K)
 Metaspace       used 96025K, committed 98112K, reserved 1179648K
  class space    used 13012K, committed 14080K, reserved 1048576K
}
Event: 58.267 GC heap before
{Heap before GC invocations=40 (full 0):
 garbage-first heap   total 156672K, used 139748K [0x0000000080000000, 0x0000000100000000)
  region size 1024K, 62 young (63488K), 4 survivors (4096K)
 Metaspace       used 100818K, committed 102912K, reserved 1179648K
  class space    used 13552K, committed 14592K, reserved 1048576K
}
Event: 58.299 GC heap after
{Heap after GC invocations=41 (full 0):
 garbage-first heap   total 156672K, used 87713K [0x0000000080000000, 0x0000000100000000)
  region size 1024K, 8 young (8192K), 8 survivors (8192K)
 Metaspace       used 100818K, committed 102912K, reserved 1179648K
  class space    used 13552K, committed 14592K, reserved 1048576K
}
Event: 61.316 GC heap before
{Heap before GC invocations=42 (full 0):
 garbage-first heap   total 156672K, used 143009K [0x0000000080000000, 0x0000000100000000)
  region size 1024K, 58 young (59392K), 8 survivors (8192K)
 Metaspace       used 104516K, committed 106624K, reserved 1179648K
  class space    used 13986K, committed 15040K, reserved 1048576K
}
Event: 61.357 GC heap after
{Heap after GC invocations=43 (full 0):
 garbage-first heap   total 157696K, used 92651K [0x0000000080000000, 0x0000000100000000)
  region size 1024K, 5 young (5120K), 5 survivors (5120K)
 Metaspace       used 104516K, committed 106624K, reserved 1179648K
  class space    used 13986K, committed 15040K, reserved 1048576K
}
Event: 63.992 GC heap before
{Heap before GC invocations=43 (full 0):
 garbage-first heap   total 157696K, used 141803K [0x0000000080000000, 0x0000000100000000)
  region size 1024K, 54 young (55296K), 5 survivors (5120K)
 Metaspace       used 105182K, committed 107264K, reserved 1179648K
  class space    used 14091K, committed 15104K, reserved 1048576K
}
Event: 64.024 GC heap after
{Heap after GC invocations=44 (full 0):
 garbage-first heap   total 157696K, used 94719K [0x0000000080000000, 0x0000000100000000)
  region size 1024K, 3 young (3072K), 3 survivors (3072K)
 Metaspace       used 105182K, committed 107264K, reserved 1179648K
  class space    used 14091K, committed 15104K, reserved 1048576K
}
Event: 66.699 GC heap before
{Heap before GC invocations=44 (full 0):
 garbage-first heap   total 157696K, used 142847K [0x0000000080000000, 0x0000000100000000)
  region size 1024K, 51 young (52224K), 3 survivors (3072K)
 Metaspace       used 107021K, committed 109120K, reserved 1179648K
  class space    used 14237K, committed 15296K, reserved 1048576K
}
Event: 66.724 GC heap after
{Heap after GC invocations=45 (full 0):
 garbage-first heap   total 157696K, used 102912K [0x0000000080000000, 0x0000000100000000)
  region size 1024K, 7 young (7168K), 7 survivors (7168K)
 Metaspace       used 107021K, committed 109120K, reserved 1179648K
  class space    used 14237K, committed 15296K, reserved 1048576K
}
Event: 68.129 GC heap before
{Heap before GC invocations=46 (full 0):
 garbage-first heap   total 173056K, used 148992K [0x0000000080000000, 0x0000000100000000)
  region size 1024K, 44 young (45056K), 7 survivors (7168K)
 Metaspace       used 107027K, committed 109184K, reserved 1179648K
  class space    used 14237K, committed 15296K, reserved 1048576K
}
Event: 68.193 GC heap after
{Heap after GC invocations=47 (full 0):
 garbage-first heap   total 176128K, used 123904K [0x0000000080000000, 0x0000000100000000)
  region size 1024K, 6 young (6144K), 6 survivors (6144K)
 Metaspace       used 107027K, committed 109184K, reserved 1179648K
  class space    used 14237K, committed 15296K, reserved 1048576K
}
Event: 70.259 GC heap before
{Heap before GC invocations=47 (full 0):
 garbage-first heap   total 176128K, used 158720K [0x0000000080000000, 0x0000000100000000)
  region size 1024K, 34 young (34816K), 6 survivors (6144K)
 Metaspace       used 107557K, committed 109632K, reserved 1179648K
  class space    used 14295K, committed 15296K, reserved 1048576K
}

