# JRE version: OpenJDK Runtime Environment (21.0.5) (build 21.0.5+-12932927-b750.29)
# Java VM: OpenJDK 64-Bit Server VM (21.0.5+-12932927-b750.29, mixed mode, tiered, compressed oops, compressed class ptrs, g1 gc, windows-amd64)
GC Precious Log:
 CardTable entry size: 512
 Card Set container configuration: InlinePtr #cards 5 size 8 Array Of Cards #cards 12 size 40 Howl #buckets 4 coarsen threshold 1843 Howl Bitmap #cards 512 size 80 coarsen threshold 460 Card regions per heap region 1 cards per card region 2048
 CPUs: 2 total, 2 available
 Memory: 7641M
 Large Page Support: Disabled
 NUMA Support: Disabled
 Compressed Oops: Enabled (32-bit)
 Heap Region Size: 1M
 Heap Min Capacity: 8M
 Heap Initial Capacity: 120M
 Heap Max Capacity: 2G
 Pre-touch: Disabled
 Parallel Workers: 2
 Concurrent Workers: 1
 Concurrent Refinement Workers: 2
 Periodic GC: Disabled
Heap:
 garbage-first heap   total 130048K, used 80078K [0x0000000080000000, 0x0000000100000000)
  region size 1024K, 4 young (4096K), 4 survivors (4096K)
 Metaspace       used 95512K, committed 97536K, reserved 1179648K
  class space    used 12937K, committed 13952K, reserved 1048576K
GC Heap History (20 events):
Event: 43.372 GC heap after
{Heap after GC invocations=27 (full 0):
 garbage-first heap   total 103424K, used 66161K [0x0000000080000000, 0x0000000100000000)
  region size 1024K, 5 young (5120K), 5 survivors (5120K)
 Metaspace       used 76701K, committed 78464K, reserved 1179648K
  class space    used 10134K, committed 11008K, reserved 1048576K
}
Event: 43.382 GC heap before
{Heap before GC invocations=27 (full 0):
 garbage-first heap   total 103424K, used 66161K [0x0000000080000000, 0x0000000100000000)
  region size 1024K, 7 young (7168K), 5 survivors (5120K)
 Metaspace       used 76701K, committed 78464K, reserved 1179648K
  class space    used 10134K, committed 11008K, reserved 1048576K
}
Event: 43.395 GC heap after
{Heap after GC invocations=28 (full 0):
 garbage-first heap   total 124928K, used 67584K [0x0000000080000000, 0x0000000100000000)
  region size 1024K, 2 young (2048K), 2 survivors (2048K)
 Metaspace       used 76701K, committed 78464K, reserved 1179648K
  class space    used 10134K, committed 11008K, reserved 1048576K
}
Event: 43.396 GC heap before
{Heap before GC invocations=28 (full 0):
 garbage-first heap   total 124928K, used 68608K [0x0000000080000000, 0x0000000100000000)
  region size 1024K, 3 young (3072K), 2 survivors (2048K)
 Metaspace       used 76701K, committed 78464K, reserved 1179648K
  class space    used 10134K, committed 11008K, reserved 1048576K
}
Event: 43.398 GC heap after
{Heap after GC invocations=29 (full 0):
 garbage-first heap   total 124928K, used 67762K [0x0000000080000000, 0x0000000100000000)
  region size 1024K, 1 young (1024K), 1 survivors (1024K)
 Metaspace       used 76701K, committed 78464K, reserved 1179648K
  class space    used 10134K, committed 11008K, reserved 1048576K
}
Event: 44.579 GC heap before
{Heap before GC invocations=30 (full 0):
 garbage-first heap   total 124928K, used 103602K [0x0000000080000000, 0x0000000100000000)
  region size 1024K, 33 young (33792K), 1 survivors (1024K)
 Metaspace       used 78715K, committed 80512K, reserved 1179648K
  class space    used 10402K, committed 11328K, reserved 1048576K
}
Event: 44.588 GC heap after
{Heap after GC invocations=31 (full 0):
 garbage-first heap   total 124928K, used 70926K [0x0000000080000000, 0x0000000100000000)
  region size 1024K, 3 young (3072K), 3 survivors (3072K)
 Metaspace       used 78715K, committed 80512K, reserved 1179648K
  class space    used 10402K, committed 11328K, reserved 1048576K
}
Event: 45.743 GC heap before
{Heap before GC invocations=31 (full 0):
 garbage-first heap   total 124928K, used 104718K [0x0000000080000000, 0x0000000100000000)
  region size 1024K, 36 young (36864K), 3 survivors (3072K)
 Metaspace       used 81126K, committed 82944K, reserved 1179648K
  class space    used 10707K, committed 11648K, reserved 1048576K
}
Event: 45.760 GC heap after
{Heap after GC invocations=32 (full 0):
 garbage-first heap   total 124928K, used 72290K [0x0000000080000000, 0x0000000100000000)
  region size 1024K, 5 young (5120K), 5 survivors (5120K)
 Metaspace       used 81126K, committed 82944K, reserved 1179648K
  class space    used 10707K, committed 11648K, reserved 1048576K
}
Event: 47.315 GC heap before
{Heap before GC invocations=32 (full 0):
 garbage-first heap   total 124928K, used 106082K [0x0000000080000000, 0x0000000100000000)
  region size 1024K, 38 young (38912K), 5 survivors (5120K)
 Metaspace       used 81400K, committed 83264K, reserved 1179648K
  class space    used 10752K, committed 11648K, reserved 1048576K
}
Event: 47.338 GC heap after
{Heap after GC invocations=33 (full 0):
 garbage-first heap   total 124928K, used 75280K [0x0000000080000000, 0x0000000100000000)
  region size 1024K, 5 young (5120K), 5 survivors (5120K)
 Metaspace       used 81400K, committed 83264K, reserved 1179648K
  class space    used 10752K, committed 11648K, reserved 1048576K
}
Event: 49.762 GC heap before
{Heap before GC invocations=34 (full 0):
 garbage-first heap   total 124928K, used 108048K [0x0000000080000000, 0x0000000100000000)
  region size 1024K, 38 young (38912K), 5 survivors (5120K)
 Metaspace       used 84078K, committed 86016K, reserved 1179648K
  class space    used 11124K, committed 12096K, reserved 1048576K
}
Event: 49.782 GC heap after
{Heap after GC invocations=35 (full 0):
 garbage-first heap   total 124928K, used 76475K [0x0000000080000000, 0x0000000100000000)
  region size 1024K, 2 young (2048K), 2 survivors (2048K)
 Metaspace       used 84078K, committed 86016K, reserved 1179648K
  class space    used 11124K, committed 12096K, reserved 1048576K
}
Event: 50.945 GC heap before
{Heap before GC invocations=35 (full 0):
 garbage-first heap   total 124928K, used 111291K [0x0000000080000000, 0x0000000100000000)
  region size 1024K, 36 young (36864K), 2 survivors (2048K)
 Metaspace       used 86806K, committed 88704K, reserved 1179648K
  class space    used 11537K, committed 12480K, reserved 1048576K
}
Event: 50.959 GC heap after
{Heap after GC invocations=36 (full 0):
 garbage-first heap   total 124928K, used 76766K [0x0000000080000000, 0x0000000100000000)
  region size 1024K, 3 young (3072K), 3 survivors (3072K)
 Metaspace       used 86806K, committed 88704K, reserved 1179648K
  class space    used 11537K, committed 12480K, reserved 1048576K
}
Event: 52.051 GC heap before
{Heap before GC invocations=36 (full 0):
 garbage-first heap   total 124928K, used 112606K [0x0000000080000000, 0x0000000100000000)
  region size 1024K, 38 young (38912K), 3 survivors (3072K)
 Metaspace       used 89780K, committed 91712K, reserved 1179648K
  class space    used 12033K, committed 12992K, reserved 1048576K
}
Event: 52.065 GC heap after
{Heap after GC invocations=37 (full 0):
 garbage-first heap   total 124928K, used 78213K [0x0000000080000000, 0x0000000100000000)
  region size 1024K, 4 young (4096K), 4 survivors (4096K)
 Metaspace       used 89780K, committed 91712K, reserved 1179648K
  class space    used 12033K, committed 12992K, reserved 1048576K
}
Event: 53.660 GC heap before
{Heap before GC invocations=38 (full 0):
 garbage-first heap   total 130048K, used 112005K [0x0000000080000000, 0x0000000100000000)
  region size 1024K, 38 young (38912K), 4 survivors (4096K)
 Metaspace       used 92425K, committed 94400K, reserved 1179648K
  class space    used 12465K, committed 13440K, reserved 1048576K
}
Event: 53.680 GC heap after
{Heap after GC invocations=39 (full 0):
 garbage-first heap   total 130048K, used 79479K [0x0000000080000000, 0x0000000100000000)
  region size 1024K, 5 young (5120K), 5 survivors (5120K)
 Metaspace       used 92425K, committed 94400K, reserved 1179648K
  class space    used 12465K, committed 13440K, reserved 1048576K
}
Event: 55.893 GC heap before
{Heap before GC invocations=39 (full 0):
 garbage-first heap   total 130048K, used 117367K [0x0000000080000000, 0x0000000100000000)
  region size 1024K, 42 young (43008K), 5 survivors (5120K)
 Metaspace       used 95512K, committed 97536K, reserved 1179648K
  class space    used 12937K, committed 13952K, reserved 1048576K
}

