# JRE version: OpenJDK Runtime Environment (21.0.5) (build 21.0.5+-12932927-b750.29)
# Java VM: OpenJDK 64-Bit Server VM (21.0.5+-12932927-b750.29, mixed mode, tiered, compressed oops, compressed class ptrs, g1 gc, windows-amd64)
GC Precious Log:
 CardTable entry size: 512
 Card Set container configuration: InlinePtr #cards 5 size 8 Array Of Cards #cards 12 size 40 Howl #buckets 4 coarsen threshold 1843 Howl Bitmap #cards 512 size 80 coarsen threshold 460 Card regions per heap region 1 cards per card region 2048
 CPUs: 2 total, 2 available
 Memory: 7641M
 Large Page Support: Disabled
 NUMA Support: Disabled
 Compressed Oops: Enabled (32-bit)
 Heap Region Size: 1M
 Heap Min Capacity: 8M
 Heap Initial Capacity: 120M
 Heap Max Capacity: 2G
 Pre-touch: Disabled
 Parallel Workers: 2
 Concurrent Workers: 1
 Concurrent Refinement Workers: 2
 Periodic GC: Disabled
Heap:
 garbage-first heap   total 192512K, used 170865K [0x0000000080000000, 0x0000000100000000)
  region size 1024K, 81 young (82944K), 10 survivors (10240K)
 Metaspace       used 107291K, committed 109376K, reserved 1179648K
  class space    used 14306K, committed 15360K, reserved 1048576K
GC Heap History (20 events):
Event: 39.966 GC heap after
{Heap after GC invocations=33 (full 0):
 garbage-first heap   total 125952K, used 73537K [0x0000000080000000, 0x0000000100000000)
  region size 1024K, 5 young (5120K), 5 survivors (5120K)
 Metaspace       used 81326K, committed 83136K, reserved 1179648K
  class space    used 10732K, committed 11648K, reserved 1048576K
}
Event: 41.681 GC heap before
{Heap before GC invocations=34 (full 0):
 garbage-first heap   total 125952K, used 108353K [0x0000000080000000, 0x0000000100000000)
  region size 1024K, 39 young (39936K), 5 survivors (5120K)
 Metaspace       used 83974K, committed 85888K, reserved 1179648K
  class space    used 11097K, committed 12032K, reserved 1048576K
}
Event: 41.701 GC heap after
{Heap after GC invocations=35 (full 0):
 garbage-first heap   total 125952K, used 75532K [0x0000000080000000, 0x0000000100000000)
  region size 1024K, 2 young (2048K), 2 survivors (2048K)
 Metaspace       used 83974K, committed 85888K, reserved 1179648K
  class space    used 11097K, committed 12032K, reserved 1048576K
}
Event: 42.968 GC heap before
{Heap before GC invocations=35 (full 0):
 garbage-first heap   total 125952K, used 112396K [0x0000000080000000, 0x0000000100000000)
  region size 1024K, 37 young (37888K), 2 survivors (2048K)
 Metaspace       used 86773K, committed 88640K, reserved 1179648K
  class space    used 11530K, committed 12480K, reserved 1048576K
}
Event: 42.983 GC heap after
{Heap after GC invocations=36 (full 0):
 garbage-first heap   total 151552K, used 76114K [0x0000000080000000, 0x0000000100000000)
  region size 1024K, 3 young (3072K), 3 survivors (3072K)
 Metaspace       used 86773K, committed 88640K, reserved 1179648K
  class space    used 11530K, committed 12480K, reserved 1048576K
}
Event: 44.755 GC heap before
{Heap before GC invocations=36 (full 0):
 garbage-first heap   total 151552K, used 129362K [0x0000000080000000, 0x0000000100000000)
  region size 1024K, 55 young (56320K), 3 survivors (3072K)
 Metaspace       used 91172K, committed 93120K, reserved 1179648K
  class space    used 12222K, committed 13184K, reserved 1048576K
}
Event: 44.772 GC heap after
{Heap after GC invocations=37 (full 0):
 garbage-first heap   total 151552K, used 78276K [0x0000000080000000, 0x0000000100000000)
  region size 1024K, 5 young (5120K), 5 survivors (5120K)
 Metaspace       used 91172K, committed 93120K, reserved 1179648K
  class space    used 12222K, committed 13184K, reserved 1048576K
}
Event: 46.971 GC heap before
{Heap before GC invocations=38 (full 0):
 garbage-first heap   total 151552K, used 132548K [0x0000000080000000, 0x0000000100000000)
  region size 1024K, 58 young (59392K), 5 survivors (5120K)
 Metaspace       used 95376K, committed 97344K, reserved 1179648K
  class space    used 12896K, committed 13888K, reserved 1048576K
}
Event: 46.997 GC heap after
{Heap after GC invocations=39 (full 0):
 garbage-first heap   total 151552K, used 81606K [0x0000000080000000, 0x0000000100000000)
  region size 1024K, 7 young (7168K), 7 survivors (7168K)
 Metaspace       used 95376K, committed 97344K, reserved 1179648K
  class space    used 12896K, committed 13888K, reserved 1048576K
}
Event: 49.081 GC heap before
{Heap before GC invocations=39 (full 0):
 garbage-first heap   total 151552K, used 133830K [0x0000000080000000, 0x0000000100000000)
  region size 1024K, 59 young (60416K), 7 survivors (7168K)
 Metaspace       used 99649K, committed 101696K, reserved 1179648K
  class space    used 13457K, committed 14464K, reserved 1048576K
}
Event: 49.112 GC heap after
{Heap after GC invocations=40 (full 0):
 garbage-first heap   total 151552K, used 84944K [0x0000000080000000, 0x0000000100000000)
  region size 1024K, 7 young (7168K), 7 survivors (7168K)
 Metaspace       used 99649K, committed 101696K, reserved 1179648K
  class space    used 13457K, committed 14464K, reserved 1048576K
}
Event: 49.603 GC heap before
{Heap before GC invocations=40 (full 0):
 garbage-first heap   total 151552K, used 100304K [0x0000000080000000, 0x0000000100000000)
  region size 1024K, 23 young (23552K), 7 survivors (7168K)
 Metaspace       used 100789K, committed 102848K, reserved 1179648K
  class space    used 13541K, committed 14592K, reserved 1048576K
}
Event: 49.630 GC heap after
{Heap after GC invocations=41 (full 0):
 garbage-first heap   total 151552K, used 88576K [0x0000000080000000, 0x0000000100000000)
  region size 1024K, 8 young (8192K), 8 survivors (8192K)
 Metaspace       used 100789K, committed 102848K, reserved 1179648K
  class space    used 13541K, committed 14592K, reserved 1048576K
}
Event: 52.922 GC heap before
{Heap before GC invocations=42 (full 0):
 garbage-first heap   total 151552K, used 138752K [0x0000000080000000, 0x0000000100000000)
  region size 1024K, 53 young (54272K), 8 survivors (8192K)
 Metaspace       used 104473K, committed 106496K, reserved 1179648K
  class space    used 13971K, committed 14976K, reserved 1048576K
}
Event: 52.958 GC heap after
{Heap after GC invocations=43 (full 0):
 garbage-first heap   total 152576K, used 92672K [0x0000000080000000, 0x0000000100000000)
  region size 1024K, 5 young (5120K), 5 survivors (5120K)
 Metaspace       used 104473K, committed 106496K, reserved 1179648K
  class space    used 13971K, committed 14976K, reserved 1048576K
}
Event: 55.798 GC heap before
{Heap before GC invocations=43 (full 0):
 garbage-first heap   total 152576K, used 137728K [0x0000000080000000, 0x0000000100000000)
  region size 1024K, 50 young (51200K), 5 survivors (5120K)
 Metaspace       used 104798K, committed 106944K, reserved 1179648K
  class space    used 14040K, committed 15104K, reserved 1048576K
}
Event: 55.826 GC heap after
{Heap after GC invocations=44 (full 0):
 garbage-first heap   total 183296K, used 94705K [0x0000000080000000, 0x0000000100000000)
  region size 1024K, 3 young (3072K), 3 survivors (3072K)
 Metaspace       used 104798K, committed 106944K, reserved 1179648K
  class space    used 14040K, committed 15104K, reserved 1048576K
}
Event: 56.288 GC heap before
{Heap before GC invocations=44 (full 0):
 garbage-first heap   total 183296K, used 103921K [0x0000000080000000, 0x0000000100000000)
  region size 1024K, 14 young (14336K), 3 survivors (3072K)
 Metaspace       used 105272K, committed 107392K, reserved 1179648K
  class space    used 14110K, committed 15168K, reserved 1048576K
}
Event: 56.302 GC heap after
{Heap after GC invocations=45 (full 0):
 garbage-first heap   total 183296K, used 95232K [0x0000000080000000, 0x0000000100000000)
  region size 1024K, 3 young (3072K), 3 survivors (3072K)
 Metaspace       used 105272K, committed 107392K, reserved 1179648K
  class space    used 14110K, committed 15168K, reserved 1048576K
}
Event: 58.781 GC heap before
{Heap before GC invocations=46 (full 0):
 garbage-first heap   total 183296K, used 169984K [0x0000000080000000, 0x0000000100000000)
  region size 1024K, 74 young (75776K), 3 survivors (3072K)
 Metaspace       used 107291K, committed 109376K, reserved 1179648K
  class space    used 14306K, committed 15360K, reserved 1048576K
}

